<?xml version="1.0" encoding="UTF-8"?>
<testsuite name="ru.netology.javaqa.CashbackHackServiceTest" tests="1" skipped="0" failures="0" errors="0" timestamp="2024-03-26T16:45:38" hostname="BIG_FUF" time="0.048">
  <properties/>
  <testcase name="should()" classname="ru.netology.javaqa.CashbackHackServiceTest" time="0.048"/>
  <system-out><![CDATA[]]></system-out>
  <system-err><![CDATA[]]></system-err>
</testsuite>
